Build started 2011-12-14 00:41:46.
     1>Project "C:\Users\brahle\documents\visual studio 2010\Projects\CUDA_hello_world2\CUDA_hello_world2\CUDA_hello_world2.vcxproj" on node 2 (build target(s)).
     1>InitializeBuildStatus:
         Touching "Debug\CUDA_hello_world2.unsuccessfulbuild".
       AddCudaCompileDeps:
         C:\Program Files (x86)\Microsoft Visual Studio 10.0\VC\bin\cl.exe /E /nologo /showIncludes /TP /I"C:\Program Files\NVIDIA GPU Computing Toolkit\CUDA\v4.0\bin" /I"C:\Program Files\NVIDIA GPU Computing Toolkit\CUDA\v4.0\include" /I. /FIcuda_runtime.h /c "C:\Users\brahle\documents\visual studio 2010\Projects\CUDA_hello_world2\CUDA_hello_world2\kernel.cu" 
       AddCudaCompilePropsDeps:
       Skipping target "AddCudaCompilePropsDeps" because all output files are up-to-date with respect to the input files.
       CudaBuild:
         Compiling CUDA source file kernel.cu...
         cmd.exe /C "C:\Users\brahle\AppData\Local\Temp\fd6e7474b70848e2948d8cb23bf815e3.cmd"
         "C:\Program Files\NVIDIA GPU Computing Toolkit\CUDA\v4.0\bin\nvcc.exe" -gencode=arch=compute_10,code=\"sm_10,compute_10\" --use-local-env --cl-version 2010 -ccbin "C:\Program Files (x86)\Microsoft Visual Studio 10.0\VC\bin"  -I"C:\Program Files\NVIDIA GPU Computing Toolkit\CUDA\v4.0\include"  -G0  --keep-dir "Debug" -maxrregcount=0  --machine 32 --compile  -D_NEXUS_DEBUG -g    -Xcompiler "/EHsc /nologo /Od /Zi  /MDd " -o "Debug\kernel.cu.obj" "C:\Users\brahle\documents\visual studio 2010\Projects\CUDA_hello_world2\CUDA_hello_world2\kernel.cu"
         
         C:\Users\brahle\documents\visual studio 2010\Projects\CUDA_hello_world2\CUDA_hello_world2>"C:\Program Files\NVIDIA GPU Computing Toolkit\CUDA\v4.0\bin\nvcc.exe" -gencode=arch=compute_10,code=\"sm_10,compute_10\" --use-local-env --cl-version 2010 -ccbin "C:\Program Files (x86)\Microsoft Visual Studio 10.0\VC\bin"  -I"C:\Program Files\NVIDIA GPU Computing Toolkit\CUDA\v4.0\include"  -G0  --keep-dir "Debug" -maxrregcount=0  --machine 32 --compile  -D_NEXUS_DEBUG -g    -Xcompiler "/EHsc /nologo /Od /Zi  /MDd " -o "Debug\kernel.cu.obj" "C:\Users\brahle\documents\visual studio 2010\Projects\CUDA_hello_world2\CUDA_hello_world2\kernel.cu" 
         kernel.cu
         tmpxft_00001830_00000000-0_kernel.cudafe1.gpu
         tmpxft_00001830_00000000-5_kernel.cudafe2.gpu
         kernel.cu
     1>C:/Users/brahle/documents/visual studio 2010/Projects/CUDA_hello_world2/CUDA_hello_world2/kernel.cu(37): error : External calls are not supported (found non-inlined call to _ZNK7Results9GetResultEii)
     1>C:\Program Files (x86)\MSBuild\Microsoft.Cpp\v4.0\BuildCustomizations\CUDA 4.0.targets(357,9): error MSB3721: The command ""C:\Program Files\NVIDIA GPU Computing Toolkit\CUDA\v4.0\bin\nvcc.exe" -gencode=arch=compute_10,code=\"sm_10,compute_10\" --use-local-env --cl-version 2010 -ccbin "C:\Program Files (x86)\Microsoft Visual Studio 10.0\VC\bin"  -I"C:\Program Files\NVIDIA GPU Computing Toolkit\CUDA\v4.0\include"  -G0  --keep-dir "Debug" -maxrregcount=0  --machine 32 --compile  -D_NEXUS_DEBUG -g    -Xcompiler "/EHsc /nologo /Od /Zi  /MDd " -o "Debug\kernel.cu.obj" "C:\Users\brahle\documents\visual studio 2010\Projects\CUDA_hello_world2\CUDA_hello_world2\kernel.cu"" exited with code 2.
     1>Done Building Project "C:\Users\brahle\documents\visual studio 2010\Projects\CUDA_hello_world2\CUDA_hello_world2\CUDA_hello_world2.vcxproj" (build target(s)) -- FAILED.

Build FAILED.

Time Elapsed 00:00:03.52
